2022-11-11 19:04:34,507 [INFO] Activator:177 - 


2022-11-11 19:04:34,508 [INFO] Activator:178 - !SESSION log4j initialized
2022-11-11 19:04:59,416 [ERROR] LogOutputStream:74 - [STDERR_REDIRECT] SLF4J: Failed to load class "org.slf4j.impl.StaticLoggerBinder".
2022-11-11 19:04:59,417 [ERROR] LogOutputStream:74 - [STDERR_REDIRECT] SLF4J: Defaulting to no-operation (NOP) logger implementation
2022-11-11 19:04:59,419 [ERROR] LogOutputStream:74 - [STDERR_REDIRECT] SLF4J: See http://www.slf4j.org/codes.html#StaticLoggerBinder for further details.
2022-11-11 19:05:59,175 [INFO] Activator:177 - 


2022-11-11 19:05:59,176 [INFO] Activator:178 - !SESSION log4j initialized
2022-11-11 19:06:25,216 [ERROR] LogOutputStream:74 - [STDERR_REDIRECT] SLF4J: Failed to load class "org.slf4j.impl.StaticLoggerBinder".
2022-11-11 19:06:25,217 [ERROR] LogOutputStream:74 - [STDERR_REDIRECT] SLF4J: Defaulting to no-operation (NOP) logger implementation
2022-11-11 19:06:25,219 [ERROR] LogOutputStream:74 - [STDERR_REDIRECT] SLF4J: See http://www.slf4j.org/codes.html#StaticLoggerBinder for further details.
2022-11-11 22:30:32,973 [INFO] Activator:177 - 


2022-11-11 22:30:32,975 [INFO] Activator:178 - !SESSION log4j initialized
2022-11-13 14:57:09,527 [INFO] Activator:177 - 


2022-11-13 14:57:09,528 [INFO] Activator:178 - !SESSION log4j initialized
2022-11-13 14:57:46,390 [INFO] Activator:177 - 


2022-11-13 14:57:46,392 [INFO] Activator:178 - !SESSION log4j initialized
2022-11-13 14:59:18,685 [INFO] Activator:177 - 


2022-11-13 14:59:18,687 [INFO] Activator:178 - !SESSION log4j initialized
2022-11-13 14:59:43,587 [ERROR] LogOutputStream:74 - [STDERR_REDIRECT] SLF4J: Failed to load class "org.slf4j.impl.StaticLoggerBinder".
2022-11-13 14:59:43,589 [ERROR] LogOutputStream:74 - [STDERR_REDIRECT] SLF4J: Defaulting to no-operation (NOP) logger implementation
2022-11-13 14:59:43,591 [ERROR] LogOutputStream:74 - [STDERR_REDIRECT] SLF4J: See http://www.slf4j.org/codes.html#StaticLoggerBinder for further details.
2022-11-24 12:45:14,822 [INFO] Activator:177 - 


2022-11-24 12:45:14,825 [INFO] Activator:178 - !SESSION log4j initialized
2022-11-24 12:45:18,949 [ERROR] ConfigurationRetriever:139 - IOException on connection: sw-center.st.com
2022-11-24 12:45:18,952 [ERROR] ConfigurationRetriever:139 - IOException on connection: sw-center.st.com
2022-11-24 12:45:18,954 [ERROR] ConfigurationRetriever:139 - IOException on connection: sw-center.st.com
2022-11-24 12:45:32,801 [ERROR] ConfigurationRetriever:139 - IOException on connection: sw-center.st.com
2022-11-24 12:45:32,802 [ERROR] ConfigurationRetriever:139 - IOException on connection: sw-center.st.com
2022-11-24 12:45:32,804 [ERROR] ConfigurationRetriever:139 - IOException on connection: sw-center.st.com
2022-11-24 12:51:06,309 [INFO] Activator:177 - 


2022-11-24 12:51:06,312 [INFO] Activator:178 - !SESSION log4j initialized
2022-11-24 12:51:10,433 [ERROR] ConfigurationRetriever:139 - IOException on connection: sw-center.st.com
2022-11-24 12:51:10,436 [ERROR] ConfigurationRetriever:139 - IOException on connection: sw-center.st.com
2022-11-24 12:51:10,437 [ERROR] ConfigurationRetriever:139 - IOException on connection: sw-center.st.com
2022-11-24 12:51:31,840 [ERROR] LogOutputStream:74 - [STDERR_REDIRECT] SLF4J: Failed to load class "org.slf4j.impl.StaticLoggerBinder".
2022-11-24 12:51:31,840 [ERROR] LogOutputStream:74 - [STDERR_REDIRECT] SLF4J: Defaulting to no-operation (NOP) logger implementation
2022-11-24 12:51:31,845 [ERROR] LogOutputStream:74 - [STDERR_REDIRECT] SLF4J: See http://www.slf4j.org/codes.html#StaticLoggerBinder for further details.
2022-11-24 12:53:38,567 [ERROR] ConfigurationRetriever:139 - IOException on connection: sw-center.st.com
2022-11-24 12:53:38,569 [ERROR] ConfigurationRetriever:139 - IOException on connection: sw-center.st.com
2022-11-24 12:53:38,571 [ERROR] ConfigurationRetriever:139 - IOException on connection: sw-center.st.com
